Drill Listing
=============
Drill: .037  Tool: 1  Feed: 197  Speed: 550
X 1907500  Y -27500
X 1892500  Y -20000
X 1892500  Y 0
X 1892500  Y 17500
X 1892500  Y 37500
X 1892500  Y 55000
X 1892500  Y 77500
X 1907500  Y 77500
X 1892500  Y 95000
X 1892500  Y 112500
X 1892500  Y 130000
X 1895000  Y 150000
X 1895000  Y 162500
X 1895000  Y 175000
X 1910000  Y 177500
X 1927500  Y 177500
X 1957500  Y 177500
X 1942500  Y 177500
X 1957500  Y 77500
X 1925000  Y 77500
X 1940000  Y 77500
X 1927500  Y -30000
X 1945000  Y -30000
X 1965000  Y -30000
X 1985000  Y -30000
X 2002500  Y -27500
X 2010000  Y -12500
X 2010000  Y 7500
X 2010000  Y 27500
X 2010000  Y 47500
X 2010000  Y 62500
X 1992500  Y 77500
X 2007500  Y 77500
X 1975000  Y 77500
X 2007500  Y 90000
X 2007500  Y 102500
X 2007500  Y 117500
X 2007500  Y 132500
X 2007500  Y 147500
X 2007500  Y 160000
X 1990000  Y 177500
X 2007500  Y 177500
X 1975000  Y 177500

Drill: .06693  Tool: 2  Feed: 89  Speed: 550
X 1911023  Y 0
X 1926614  Y 0
X 1942204  Y 0
X 1926614  Y 50000
X 1942204  Y 50000
X 1911023  Y 50000
X 1942204  Y 100000
X 1911023  Y 100000
X 1926614  Y 100000
X 1926614  Y 150000
X 1942204  Y 150000
X 1911023  Y 150000
X 1957795  Y 150000
X 1988976  Y 150000
X 1973385  Y 150000
X 1973385  Y 100000
X 1988976  Y 100000
X 1957795  Y 100000
X 1957795  Y 50000
X 1973385  Y 50000
X 1988976  Y 50000
X 1957795  Y 0
X 1973385  Y 0
X 1988976  Y 0

End of Listing
